  Source.cpp
D:\OpenGL\OpenGL\OpenGL\Camera.h(52,20): warning C4244: 'initializing': conversion from 'double' to 'float', possible loss of data
  (compiling source file 'Source.cpp')
  
D:\OpenGL\OpenGL\OpenGL\Camera.h(80,11): warning C4244: '=': conversion from 'double' to 'float', possible loss of data
  (compiling source file 'Source.cpp')
  
D:\OpenGL\OpenGL\OpenGL\Camera.h(81,11): warning C4244: '=': conversion from 'double' to 'float', possible loss of data
  (compiling source file 'Source.cpp')
  
D:\OpenGL\OpenGL\OpenGL\Camera.h(85,16): warning C4244: 'initializing': conversion from 'double' to 'float', possible loss of data
  (compiling source file 'Source.cpp')
  
D:\OpenGL\OpenGL\OpenGL\Camera.h(86,16): warning C4244: 'initializing': conversion from 'double' to 'float', possible loss of data
  (compiling source file 'Source.cpp')
  
D:\OpenGL\OpenGL\OpenGL\Camera.h(88,10): warning C4244: '=': conversion from 'double' to 'float', possible loss of data
  (compiling source file 'Source.cpp')
  
D:\OpenGL\OpenGL\OpenGL\Camera.h(89,10): warning C4244: '=': conversion from 'double' to 'float', possible loss of data
  (compiling source file 'Source.cpp')
  
D:\OpenGL\OpenGL\OpenGL\Mesh.h(100,43): warning C4267: 'argument': conversion from 'size_t' to 'GLsizei', possible loss of data
  (compiling source file 'Source.cpp')
  
D:\OpenGL\OpenGL\OpenGL\Model.h(142,20): warning C4018: '<': signed/unsigned mismatch
  (compiling source file 'Source.cpp')
  
D:\OpenGL\OpenGL\OpenGL\Source.cpp(74,42): warning C4305: 'argument': truncation from 'double' to 'float'
D:\OpenGL\OpenGL\OpenGL\Source.cpp(75,45): warning C4305: 'argument': truncation from 'double' to 'float'
D:\OpenGL\OpenGL\OpenGL\Source.cpp(83,42): warning C4305: 'argument': truncation from 'double' to 'float'
D:\OpenGL\OpenGL\OpenGL\Source.cpp(84,45): warning C4305: 'argument': truncation from 'double' to 'float'
  OpenGL.vcxproj -> D:\OpenGL\OpenGL\x64\Debug\OpenGL.exe
