  Anti_Aliasing_Source.cpp
D:\OpenGL\OpenGL\Headers\Camera.h(52,20): warning C4244: 'initializing': conversion from 'double' to 'float', possible loss of data
  (compiling source file 'Anti_Aliasing_Source.cpp')
  
D:\OpenGL\OpenGL\Headers\Camera.h(80,11): warning C4244: '=': conversion from 'double' to 'float', possible loss of data
  (compiling source file 'Anti_Aliasing_Source.cpp')
  
D:\OpenGL\OpenGL\Headers\Camera.h(81,11): warning C4244: '=': conversion from 'double' to 'float', possible loss of data
  (compiling source file 'Anti_Aliasing_Source.cpp')
  
D:\OpenGL\OpenGL\Headers\Camera.h(85,16): warning C4244: 'initializing': conversion from 'double' to 'float', possible loss of data
  (compiling source file 'Anti_Aliasing_Source.cpp')
  
D:\OpenGL\OpenGL\Headers\Camera.h(86,16): warning C4244: 'initializing': conversion from 'double' to 'float', possible loss of data
  (compiling source file 'Anti_Aliasing_Source.cpp')
  
D:\OpenGL\OpenGL\Headers\Camera.h(88,10): warning C4244: '=': conversion from 'double' to 'float', possible loss of data
  (compiling source file 'Anti_Aliasing_Source.cpp')
  
D:\OpenGL\OpenGL\Headers\Camera.h(89,10): warning C4244: '=': conversion from 'double' to 'float', possible loss of data
  (compiling source file 'Anti_Aliasing_Source.cpp')
  
glfw3.lib(init.obj) : warning LNK4099: PDB '' was not found with 'glfw3.lib(init.obj)' or at ''; linking object as if no debug info
glfw3.lib(window.obj) : warning LNK4099: PDB '' was not found with 'glfw3.lib(window.obj)' or at ''; linking object as if no debug info
glfw3.lib(input.obj) : warning LNK4099: PDB '' was not found with 'glfw3.lib(input.obj)' or at ''; linking object as if no debug info
glfw3.lib(context.obj) : warning LNK4099: PDB '' was not found with 'glfw3.lib(context.obj)' or at ''; linking object as if no debug info
glfw3.lib(win32_init.obj) : warning LNK4099: PDB '' was not found with 'glfw3.lib(win32_init.obj)' or at ''; linking object as if no debug info
glfw3.lib(win32_monitor.obj) : warning LNK4099: PDB '' was not found with 'glfw3.lib(win32_monitor.obj)' or at ''; linking object as if no debug info
glfw3.lib(win32_time.obj) : warning LNK4099: PDB '' was not found with 'glfw3.lib(win32_time.obj)' or at ''; linking object as if no debug info
glfw3.lib(win32_thread.obj) : warning LNK4099: PDB '' was not found with 'glfw3.lib(win32_thread.obj)' or at ''; linking object as if no debug info
glfw3.lib(monitor.obj) : warning LNK4099: PDB '' was not found with 'glfw3.lib(monitor.obj)' or at ''; linking object as if no debug info
glfw3.lib(vulkan.obj) : warning LNK4099: PDB '' was not found with 'glfw3.lib(vulkan.obj)' or at ''; linking object as if no debug info
glfw3.lib(win32_window.obj) : warning LNK4099: PDB '' was not found with 'glfw3.lib(win32_window.obj)' or at ''; linking object as if no debug info
glfw3.lib(win32_joystick.obj) : warning LNK4099: PDB '' was not found with 'glfw3.lib(win32_joystick.obj)' or at ''; linking object as if no debug info
glfw3.lib(wgl_context.obj) : warning LNK4099: PDB '' was not found with 'glfw3.lib(wgl_context.obj)' or at ''; linking object as if no debug info
glfw3.lib(egl_context.obj) : warning LNK4099: PDB '' was not found with 'glfw3.lib(egl_context.obj)' or at ''; linking object as if no debug info
glfw3.lib(osmesa_context.obj) : warning LNK4099: PDB '' was not found with 'glfw3.lib(osmesa_context.obj)' or at ''; linking object as if no debug info
  Anti_Aliasing.vcxproj -> D:\OpenGL\OpenGL\x64\Debug\Anti_Aliasing.exe
